None
None
None
None
None
None
None
None
None
None
None
None
None
None
None
None
None
None
None
None
None
None
None
None
None
None
None
None
None
None
None
None
None
None
None
None
None
None
None
None
None
None
None
None
None
None
None
None
None
None
None
None
None
None
None
None
None
None
None
None
None
None
None
None
None
None
None
None
None
Unhandled Error
Traceback (most recent call last):
  File "/home/work/.jumbo/lib/python2.7/site-packages/Twisted-16.6.0-py2.7-linux-x86_64.egg/twisted/python/log.py", line 103, in callWithLogger
    return callWithContext({"system": lp}, func, *args, **kw)
  File "/home/work/.jumbo/lib/python2.7/site-packages/Twisted-16.6.0-py2.7-linux-x86_64.egg/twisted/python/log.py", line 86, in callWithContext
    return context.call({ILogContext: newCtx}, func, *args, **kw)
  File "/home/work/.jumbo/lib/python2.7/site-packages/Twisted-16.6.0-py2.7-linux-x86_64.egg/twisted/python/context.py", line 118, in callWithContext
    return self.currentContext().callWithContext(ctx, func, *args, **kw)
  File "/home/work/.jumbo/lib/python2.7/site-packages/Twisted-16.6.0-py2.7-linux-x86_64.egg/twisted/python/context.py", line 81, in callWithContext
    return func(*args,**kw)
--- <exception caught here> ---
  File "/home/work/.jumbo/lib/python2.7/site-packages/Twisted-16.6.0-py2.7-linux-x86_64.egg/twisted/internet/posixbase.py", line 597, in _doReadOrWrite
    why = selectable.doRead()
  File "/home/work/.jumbo/lib/python2.7/site-packages/Twisted-16.6.0-py2.7-linux-x86_64.egg/twisted/internet/tcp.py", line 208, in doRead
    return self._dataReceived(data)
  File "/home/work/.jumbo/lib/python2.7/site-packages/Twisted-16.6.0-py2.7-linux-x86_64.egg/twisted/internet/tcp.py", line 214, in _dataReceived
    rval = self.protocol.dataReceived(data)
  File "twisted_server.py", line 35, in dataReceived
    plugin_manager.process(message)
  File "/home/work/chenkang/mobojs-monitor/py-server/plugin_manager.py", line 28, in process
    self.plugins[key].process(message)
  File "/home/work/chenkang/mobojs-monitor/py-server/plugins/common_plugin.py", line 30, in process
    dt = time.strptime(message['time_local'], "%d/%b/%Y:%H:%M:%S +0800")
exceptions.KeyError: 'time_local'

Unhandled Error
Traceback (most recent call last):
  File "/home/work/.jumbo/lib/python2.7/site-packages/Twisted-16.6.0-py2.7-linux-x86_64.egg/twisted/python/log.py", line 103, in callWithLogger
    return callWithContext({"system": lp}, func, *args, **kw)
  File "/home/work/.jumbo/lib/python2.7/site-packages/Twisted-16.6.0-py2.7-linux-x86_64.egg/twisted/python/log.py", line 86, in callWithContext
    return context.call({ILogContext: newCtx}, func, *args, **kw)
  File "/home/work/.jumbo/lib/python2.7/site-packages/Twisted-16.6.0-py2.7-linux-x86_64.egg/twisted/python/context.py", line 118, in callWithContext
    return self.currentContext().callWithContext(ctx, func, *args, **kw)
  File "/home/work/.jumbo/lib/python2.7/site-packages/Twisted-16.6.0-py2.7-linux-x86_64.egg/twisted/python/context.py", line 81, in callWithContext
    return func(*args,**kw)
--- <exception caught here> ---
  File "/home/work/.jumbo/lib/python2.7/site-packages/Twisted-16.6.0-py2.7-linux-x86_64.egg/twisted/internet/posixbase.py", line 597, in _doReadOrWrite
    why = selectable.doRead()
  File "/home/work/.jumbo/lib/python2.7/site-packages/Twisted-16.6.0-py2.7-linux-x86_64.egg/twisted/internet/tcp.py", line 208, in doRead
    return self._dataReceived(data)
  File "/home/work/.jumbo/lib/python2.7/site-packages/Twisted-16.6.0-py2.7-linux-x86_64.egg/twisted/internet/tcp.py", line 214, in _dataReceived
    rval = self.protocol.dataReceived(data)
  File "twisted_server.py", line 35, in dataReceived
    plugin_manager.process(message)
  File "/home/work/chenkang/mobojs-monitor/py-server/plugin_manager.py", line 28, in process
    self.plugins[key].process(message)
  File "/home/work/chenkang/mobojs-monitor/py-server/plugins/common_plugin.py", line 30, in process
    dt = time.strptime(message['time_local'], "%d/%b/%Y:%H:%M:%S +0800")
exceptions.KeyError: 'time_local'

Unhandled Error
Traceback (most recent call last):
  File "/home/work/.jumbo/lib/python2.7/site-packages/Twisted-16.6.0-py2.7-linux-x86_64.egg/twisted/python/log.py", line 103, in callWithLogger
    return callWithContext({"system": lp}, func, *args, **kw)
  File "/home/work/.jumbo/lib/python2.7/site-packages/Twisted-16.6.0-py2.7-linux-x86_64.egg/twisted/python/log.py", line 86, in callWithContext
    return context.call({ILogContext: newCtx}, func, *args, **kw)
  File "/home/work/.jumbo/lib/python2.7/site-packages/Twisted-16.6.0-py2.7-linux-x86_64.egg/twisted/python/context.py", line 118, in callWithContext
    return self.currentContext().callWithContext(ctx, func, *args, **kw)
  File "/home/work/.jumbo/lib/python2.7/site-packages/Twisted-16.6.0-py2.7-linux-x86_64.egg/twisted/python/context.py", line 81, in callWithContext
    return func(*args,**kw)
--- <exception caught here> ---
  File "/home/work/.jumbo/lib/python2.7/site-packages/Twisted-16.6.0-py2.7-linux-x86_64.egg/twisted/internet/posixbase.py", line 597, in _doReadOrWrite
    why = selectable.doRead()
  File "/home/work/.jumbo/lib/python2.7/site-packages/Twisted-16.6.0-py2.7-linux-x86_64.egg/twisted/internet/tcp.py", line 208, in doRead
    return self._dataReceived(data)
  File "/home/work/.jumbo/lib/python2.7/site-packages/Twisted-16.6.0-py2.7-linux-x86_64.egg/twisted/internet/tcp.py", line 214, in _dataReceived
    rval = self.protocol.dataReceived(data)
  File "twisted_server.py", line 35, in dataReceived
    plugin_manager.process(message)
  File "/home/work/chenkang/mobojs-monitor/py-server/plugin_manager.py", line 28, in process
    self.plugins[key].process(message)
  File "/home/work/chenkang/mobojs-monitor/py-server/plugins/common_plugin.py", line 30, in process
    dt = time.strptime(message['time_local'], "%d/%b/%Y:%H:%M:%S +0800")
exceptions.KeyError: 'time_local'

Unhandled Error
Traceback (most recent call last):
  File "/home/work/.jumbo/lib/python2.7/site-packages/Twisted-16.6.0-py2.7-linux-x86_64.egg/twisted/python/log.py", line 103, in callWithLogger
    return callWithContext({"system": lp}, func, *args, **kw)
  File "/home/work/.jumbo/lib/python2.7/site-packages/Twisted-16.6.0-py2.7-linux-x86_64.egg/twisted/python/log.py", line 86, in callWithContext
    return context.call({ILogContext: newCtx}, func, *args, **kw)
  File "/home/work/.jumbo/lib/python2.7/site-packages/Twisted-16.6.0-py2.7-linux-x86_64.egg/twisted/python/context.py", line 118, in callWithContext
    return self.currentContext().callWithContext(ctx, func, *args, **kw)
  File "/home/work/.jumbo/lib/python2.7/site-packages/Twisted-16.6.0-py2.7-linux-x86_64.egg/twisted/python/context.py", line 81, in callWithContext
    return func(*args,**kw)
--- <exception caught here> ---
  File "/home/work/.jumbo/lib/python2.7/site-packages/Twisted-16.6.0-py2.7-linux-x86_64.egg/twisted/internet/posixbase.py", line 597, in _doReadOrWrite
    why = selectable.doRead()
  File "/home/work/.jumbo/lib/python2.7/site-packages/Twisted-16.6.0-py2.7-linux-x86_64.egg/twisted/internet/tcp.py", line 208, in doRead
    return self._dataReceived(data)
  File "/home/work/.jumbo/lib/python2.7/site-packages/Twisted-16.6.0-py2.7-linux-x86_64.egg/twisted/internet/tcp.py", line 214, in _dataReceived
    rval = self.protocol.dataReceived(data)
  File "twisted_server.py", line 35, in dataReceived
    plugin_manager.process(message)
  File "/home/work/chenkang/mobojs-monitor/py-server/plugin_manager.py", line 28, in process
    self.plugins[key].process(message)
  File "/home/work/chenkang/mobojs-monitor/py-server/plugins/common_plugin.py", line 30, in process
    dt = time.strptime(message['time_local'], "%d/%b/%Y:%H:%M:%S +0800")
exceptions.KeyError: 'time_local'

None
None
None
None
None
None
None
{'hourly': {23: 5}, u'http://bokep69.site/download/top_cat_0_halaman_21.html': {'total': 1, 23: 1}, u'-': {'total': 2, 23: 2}, u'http://www.bokepxxx.us/download=NTc0MDAzNw==/aHR0cHM6Ly90aHVtYi12LWVjLnhoY2RuLmNvbS90LzAzNy8zMjAvMl81NzQwMDM3LmpwZw==/MDg6MTQ=/QmVhdXRpZnVsIEphcGFuZXNlIE1JTEY=': {'total': 1, 23: 1}, 'total': 5, u'http://sexxx.blue/': {'total': 1, 23: 1}}
None
None
{'hourly': {23: 5}, u'http://bokep69.site/download/top_cat_0_halaman_21.html': {'total': 1, 23: 1}, u'-': {'total': 2, 23: 2}, u'http://www.bokepxxx.us/download=NTc0MDAzNw==/aHR0cHM6Ly90aHVtYi12LWVjLnhoY2RuLmNvbS90LzAzNy8zMjAvMl81NzQwMDM3LmpwZw==/MDg6MTQ=/QmVhdXRpZnVsIEphcGFuZXNlIE1JTEY=': {'total': 1, 23: 1}, 'total': 5, u'http://sexxx.blue/': {'total': 1, 23: 1}}
None
None
None
None
None
None
None
None
None
None
None
None
{u'http://downloadvideobokep.net/': {'total': 1, 23: 1}, 'hourly': {23: 15}, u'http://livedraw.mobie.in/hk': {'total': 1, 23: 1}, u'http://bokep69.site/download/top_cat_0_halaman_21.html': {'total': 1, 23: 1}, u'-': {'total': 7, 23: 7}, u'http://www.bokepxxx.us/download=NTc0MDAzNw==/aHR0cHM6Ly90aHVtYi12LWVjLnhoY2RuLmNvbS90LzAzNy8zMjAvMl81NzQwMDM3LmpwZw==/MDg6MTQ=/QmVhdXRpZnVsIEphcGFuZXNlIE1JTEY=': {'total': 1, 23: 1}, u'http://liveresult.mobie.in/hk/': {'total': 1, 23: 1}, u'http://m.jagbani.punjabkesari.in/punjab/news/baljit-singh-daduwal-sikh-akali-dal-656399': {'total': 1, 23: 1}, u'http://funnymp4.net/': {'total': 1, 23: 1}, 'total': 15, u'http://sexxx.blue/': {'total': 1, 23: 1}}
None
None
{u'http://downloadvideobokep.net/': {'total': 1, 23: 1}, 'hourly': {23: 15}, u'http://livedraw.mobie.in/hk': {'total': 1, 23: 1}, u'http://bokep69.site/download/top_cat_0_halaman_21.html': {'total': 1, 23: 1}, u'-': {'total': 7, 23: 7}, u'http://www.bokepxxx.us/download=NTc0MDAzNw==/aHR0cHM6Ly90aHVtYi12LWVjLnhoY2RuLmNvbS90LzAzNy8zMjAvMl81NzQwMDM3LmpwZw==/MDg6MTQ=/QmVhdXRpZnVsIEphcGFuZXNlIE1JTEY=': {'total': 1, 23: 1}, u'http://liveresult.mobie.in/hk/': {'total': 1, 23: 1}, u'http://m.jagbani.punjabkesari.in/punjab/news/baljit-singh-daduwal-sikh-akali-dal-656399': {'total': 1, 23: 1}, u'http://funnymp4.net/': {'total': 1, 23: 1}, 'total': 15, u'http://sexxx.blue/': {'total': 1, 23: 1}}
None
None
None
None
None
None
None
None
None
None
{u'http://downloadvideobokep.net/': {'total': 1, 23: 1}, 'hourly': {20: 7, 23: 15}, u'http://livedraw.mobie.in/hk': {'total': 1, 23: 1}, u'http://bokep69.site/download/top_cat_0_halaman_21.html': {'total': 1, 23: 1}, u'-': {'total': 10, 20: 3, 23: 7}, u'http://downloadlagu.tv/category/2/dangdut/6': {'total': 1, 20: 1}, u'http://www.bokepxxx.us/download=NTc0MDAzNw==/aHR0cHM6Ly90aHVtYi12LWVjLnhoY2RuLmNvbS90LzAzNy8zMjAvMl81NzQwMDM3LmpwZw==/MDg6MTQ=/QmVhdXRpZnVsIEphcGFuZXNlIE1JTEY=': {'total': 1, 23: 1}, u'http://liveresult.mobie.in/hk/': {'total': 1, 23: 1}, u'http://tieuthuyettinhyeu.hexat.com/truyenteen/se-con-nang-doi-noi-chan-troi-full.html': {'total': 1, 20: 1}, u'http://m.jagbani.punjabkesari.in/punjab/news/baljit-singh-daduwal-sikh-akali-dal-656399': {'total': 1, 23: 1}, u'http://pump4.info/category/sapna-choudhary-dance/page/CB4QAA': {'total': 1, 20: 1}, u'http://funnymp4.net/': {'total': 1, 23: 1}, 'total': 23, u'http://www.hansimazaak.com/m/joke/Broken%20Heart%20SMS/': {'total': 1, 20: 1}, u'http://sexxx.blue/': {'total': 1, 23: 1}}
None
None
None
None
None
None
None
None
{u'http://downloadvideobokep.net/': {'total': 1, 23: 1}, 'hourly': {20: 10, 23: 15}, u'http://livedraw.mobie.in/hk': {'total': 1, 23: 1}, u'http://bokep69.site/download/top_cat_0_halaman_21.html': {'total': 1, 23: 1}, u'http://m.jagbani.punjabkesari.in/punjab/news/marriage-death-groom-657498': {'total': 1, 20: 1}, u'-': {'total': 12, 20: 5, 23: 7}, u'http://downloadlagu.tv/category/2/dangdut/6': {'total': 1, 20: 1}, u'http://www.bokepxxx.us/download=NTc0MDAzNw==/aHR0cHM6Ly90aHVtYi12LWVjLnhoY2RuLmNvbS90LzAzNy8zMjAvMl81NzQwMDM3LmpwZw==/MDg6MTQ=/QmVhdXRpZnVsIEphcGFuZXNlIE1JTEY=': {'total': 1, 23: 1}, u'http://liveresult.mobie.in/hk/': {'total': 1, 23: 1}, u'http://tieuthuyettinhyeu.hexat.com/truyenteen/se