In file included from AddPerson.cpp:4:0:
./cout/addressbook.pb.h:17:2: error: #error This file was generated by an older version of protoc which is
 #error This file was generated by an older version of protoc which is
  ^
./cout/addressbook.pb.h:18:2: error: #error incompatible with your Protocol Buffer headers. Please
 #error incompatible with your Protocol Buffer headers.  Please
  ^
./cout/addressbook.pb.h:19:2: error: #error regenerate this file with a newer version of protoc.
 #error regenerate this file with a newer version of protoc.
  ^
In file included from AddPerson.cpp:4:0:
./cout/addressbook.pb.h: In member function ‘void tutorial::Person_PhoneNumber::clear_number()’:
./cout/addressbook.pb.h:413:19: error: ‘kEmptyString’ is not a member of ‘google::protobuf::internal’
   if (number_ != &::google::protobuf::internal::kEmptyString) {
                   ^
./cout/addressbook.pb.h: In member function ‘void tutorial::Person_PhoneNumber::set_number(const string&)’:
./cout/addressbook.pb.h:423:19: error: ‘kEmptyString’ is not a member of ‘google::protobuf::internal’
   if (number_ == &::google::protobuf::internal::kEmptyString) {
                   ^
./cout/addressbook.pb.h: In member function ‘void tutorial::Person_PhoneNumber::set_number(const char*)’:
./cout/addressbook.pb.h:430:19: error: ‘kEmptyString’ is not a member of ‘google::protobuf::internal’
   if (number_ == &::google::protobuf::internal::kEmptyString) {
                   ^
./cout/addressbook.pb.h: In member function ‘void tutorial::Person_PhoneNumber::set_number(const char*, size_t)’:
./cout/addressbook.pb.h:437:19: error: ‘kEmptyString’ is not a member of ‘google::protobuf::internal’
   if (number_ == &::google::protobuf::internal::kEmptyString) {
                   ^
./cout/addressbook.pb.h: In member function ‘std::string* tutorial::Person_PhoneNumber::mutable_number()’:
./cout/addressbook.pb.h:444:19: error: ‘kEmptyString’ is not a member of ‘google::protobuf::internal’
   if (number_ == &::google::protobuf::internal::kEmptyString) {
                   ^
./cout/addressbook.pb.h: In member function ‘std::string* tutorial::Person_PhoneNumber::release_number()’:
./cout/addressbook.pb.h:451:19: error: ‘kEmptyString’ is not a member of ‘google::protobuf::internal’
   if (number_ == &::google::protobuf::internal::kEmptyString) {
                   ^
./cout/addressbook.pb.h:455:44: error: ‘kEmptyString’ is not a member of ‘google::protobuf::internal’
     number_ = const_cast< ::std::string*>(&::google::protobuf::internal::kEmptyString);
                                            ^
./cout/addressbook.pb.h: In member function ‘void tutorial::Person_PhoneNumber::set_allocated_number(std::string*)’:
./cout/addressbook.pb.h:460:19: error: ‘kEmptyString’ is not a member of ‘google::protobuf::internal’
   if (number_ != &::google::protobuf::internal::kEmptyString) {
                   ^
./cout/addressbook.pb.h:468:44: error: ‘kEmptyString’ is not a member of ‘google::protobuf::internal’
     number_ = const_cast< ::std::string*>(&::google::protobuf::internal::kEmptyString);
                                            ^
./cout/addressbook.pb.h: In member function ‘void tutorial::Person::clear_name()’:
./cout/addressbook.pb.h:510:17: error: ‘kEmptyString’ is not a member of ‘google::protobuf::internal’
   if (name_ != &::google::protobuf::internal::kEmptyString) {
                 ^
./cout/addressbook.pb.h: In member function ‘void tutorial::Person::set_name(const string&)’:
./cout/addressbook.pb.h:520:17: error: ‘kEmptyString’ is not a member of ‘google::protobuf::internal’
   if (name_ == &::google::protobuf::internal::kEmptyString) {
                 ^
./cout/addressbook.pb.h: In member function ‘void tutorial::Person::set_name(const char*)’:
./cout/addressbook.pb.h:527:17: error: ‘kEmptyString’ is not a member of ‘google::protobuf::internal’
   if (name_ == &::google::protobuf::internal::kEmptyString) {
                 ^
./cout/addressbook.pb.h: In member function ‘void tutorial::Person::set_name(const char*, size_t)’:
./cout/addressbook.pb.h:534:17: error: ‘kEmptyString’ is not a member of ‘google::protobuf::internal’
   if (name_ == &::google::protobuf::internal::kEmptyString) {
                 ^
./cout/addressbook.pb.h: In member function ‘std::string* tutorial::Person::mutable_name()’:
./cout/addressbook.pb.h:541:17: error: ‘kEmptyString’ is not a member of ‘google::protobuf::internal’
   if (name_ == &::google::protobuf::internal::kEmptyString) {
                 ^
./cout/addressbook.pb.h: In member function ‘std::string* tutorial::Person::release_name()’:
./cout/addressbook.pb.h:548:17: error: ‘kEmptyString’ is not a member of ‘google::protobuf::internal’
   if (name_ == &::google::protobuf::internal::kEmptyString) {
                 ^
./cout/addressbook.pb.h:552:42: error: ‘kEmptyString’ is not a member of ‘google::protobuf::internal’
     name_ = const_cast< ::std::string*>(&::google::protobuf::internal::kEmptyString);
                                          ^
./cout/addressbook.pb.h: In member function ‘void tutorial::Person::set_allocated_name(std::string*)’:
./cout/addressbook.pb.h:557:17: error: ‘kEmptyString’ is not a member of ‘google::protobuf::internal’
   if (name_ != &::google::protobuf::internal::kEmptyString) {
                 ^
./cout/addressbook.pb.h:565:42: error: ‘kEmptyString’ is not a member of ‘google::protobuf::internal’
     name_ = const_cast< ::std::string*>(&::google::protobuf::internal::kEmptyString);
                                          ^
./cout/addressbook.pb.h: In member function ‘void tutorial::Person::clear_email()’:
./cout/addressbook.pb.h:602:18: error: ‘kEmptyString’ is not a member of ‘google::protobuf::internal’
   if (email_ != &::google::protobuf::internal::kEmptyString) {
                  ^
./cout/addressbook.pb.h: In member function ‘void tutorial::Person::set_email(const string&)’:
./cout/addressbook.pb.h:612:18: error: ‘kEmptyString’ is not a member of ‘google::protobuf::internal’
   if (email_ == &::google::protobuf::internal::kEmptyString) {
                  ^
./cout/addressbook.pb.h: In member function ‘void tutorial::Person::set_email(const char*)’:
./cout/addressbook.pb.h:619:18: error: ‘kEmptyString’ is not a member of ‘google::protobuf::internal’
   if (email_ == &::google::protobuf::internal::kEmptyString) {
                  ^
./cout/addressbook.pb.h: In member function ‘void tutorial::Person::set_email(const char*, size_t)’:
./cout/addressbook.pb.h:626:18: error: ‘kEmptyString’ is not a member of ‘google::protobuf::internal’
   if (email_ == &::google::protobuf::internal::kEmptyString) {
                  ^
./cout/addressbook.pb.h: In member function ‘std::string* tutorial::Person::mutable_email()’:
./cout/addressbook.pb.h:633:18: error: ‘kEmptyString’ is not a member of ‘google::protobuf::internal’
   if (email_ == &::google::protobuf::internal::kEmptyString) {
                  ^
./cout/addressbook.pb.h: In member function ‘std::string* tutorial::Person::release_email()’:
./cout/addressbook.pb.h:640:18: error: ‘kEmptyString’ is not a member of ‘google::protobuf::internal’
   if (email_ == &::google::protobuf::internal::kEmptyString) {
                  ^
./cout/addressbook.pb.h:644:43: error: ‘kEmptyString’ is not a member of ‘google::protobuf::internal’
     email_ = const_cast< ::std::string*>(&::google::protobuf::internal::kEmptyString);
                                           ^
./cout/addressbook.pb.h: In member function ‘void tutorial::Person::set_allocated_email(std::string*)’:
./cout/addressbook.pb.h:649:18: error: ‘kEmptyString’ is not a member of ‘google::protobuf::internal’
   if (email_ != &::google::protobuf::internal::kEmptyString) {
                  ^
./cout/addressbook.pb.h:657:43: error: ‘kEmptyString’ is not a member of ‘google::protobuf::internal’
     email_ = const_cast< ::std::string*>(&::google::protobuf::internal::kEmptyString);
                                           ^
In file included from ./cout/addressbook.pb.cc:5:0:
./cout/addressbook.pb.h:17:2: error: #error This file was generated by an older version of protoc which is
 #error This file was generated by an older version of protoc which is
  ^
./cout/addressbook.pb.h:18:2: error: #error incompatible with your Protocol Buffer headers. Please
 #error incompatible with your Protocol Buffer headers.  Please
  ^
./cout/addressbook.pb.h:19:2: error: #error regenerate this file with a newer version of protoc.
 #error regenerate this file with a newer version of protoc.
  ^
In file included from ./cout/addressbook.pb.cc:5:0:
./cout/addressbook.pb.h: In member function ‘void tutorial::Person_PhoneNumber::clear_number()’:
./cout/addressbook.pb.h:413:19: error: ‘kEmptyString’ is not a member of ‘google::protobuf::internal’
   if (number_ != &::google::protobuf::internal::kEmptyString) {
                   ^
./cout/addressbook.pb.h: In member function ‘void tutorial::Person_PhoneNumber::set_number(const string&)’:
./cout/addressbook.pb.h:423:19: error: ‘kEmptyString’ is not a member of ‘google::protobuf::internal’
   if (number_ == &::google::protobuf::internal::kEmptyString) {
                   ^
./cout/addressbook.pb.h: In member function ‘void tutorial::Person_PhoneNumber::set_number(const char*)’:
./cout/addressbook.pb.h:430:19: error: ‘kEmptyString’ is not a member of ‘google::protobuf::internal’
   if (number_ == &::google::protobuf::internal::kEmptyString) {
                   ^
./cout/addressbook.pb.h: In member function ‘void tutorial::Person_PhoneNumber::set_number(const char*, size_t)’:
./cout/addressbook.pb.h:437:19: error: ‘kEmptyString’ is not a member of ‘google::protobuf::internal’
   if (number_ == &::google::protobuf::internal::kEmptyString) {
                   ^
./cout/addressbook.pb.h: In member function ‘std::string* tutorial::Person_PhoneNumber::mutable_number()’:
./cout/addressbook.pb.h:444:19: error: ‘kEmptyString’ is not a member of ‘google::protobuf::internal’
   if (number_ == &::google::protobuf::internal::kEmptyString) {
                   ^
./cout/addressbook.pb.h: In member function ‘std::string* tutorial::Person_PhoneNumber::release_number()’:
./cout/addressbook.pb.h:451:19: error: ‘kEmptyString’ is not a member of ‘google::protobuf::internal’
   if (number_ == &::google::protobuf::internal::kEmptyString) {
                   ^
./cout/addressbook.pb.h:455:44: error: ‘kEmptyString’ is not a member of ‘google::protobuf::internal’
     number_ = const_cast< ::std::string*>(&::google::protobuf::internal::kEmptyString);
                                            ^
./cout/addressbook.pb.h: In member function ‘void tutorial::Person_PhoneNumber::set_allocated_number(std::string*)’:
./cout/addressbook.pb.h:460:19: error: ‘kEmptyString’ is not a member of ‘google::protobuf::internal’
   if (number_ != &::google::protobuf::internal::kEmptyString) {
                   ^
./cout/addressbook.pb.h:468:44: error: ‘kEmptyString’ is not a member of ‘google::protobuf::internal’
     number_ = const_cast< ::std::string*>(&::google::protobuf::internal::kEmptyString);
                                            ^
./cout/addressbook.pb.h: In member function ‘void tutorial::Person::clear_name()’:
./cout/addressbook.pb.h:510:17: error: ‘kEmptyString’ is not a member of ‘google::protobuf::internal’
   if (name_ != &::google::protobuf::internal::kEmptyString) {
                 ^
./cout/addressbook.pb.h: In member function ‘void tutorial::Person::set_name(const string&)’:
./cout/addressbook.pb.h:520:17: error: ‘kEmptyString’ is not a member of ‘google::protobuf::internal’
   if (name_ == &::google::protobuf::internal::kEmptyString) {
                 ^
./cout/addressbook.pb.h: In member function ‘void tutorial::Person::set_name(const char*)’:
./cout/addressbook.pb.h:527:17: error: ‘kEmptyString’ is not a member of ‘google::protobuf::internal’
   if (name_ == &::google::protobuf::internal::kEmptyString) {
                 ^
./cout/addressbook.pb.h: In member function ‘void tutorial::Person::set_name(const char*, size_t)’:
./cout/addressbook.pb.h:534:17: error: ‘kEmptyString’ is not a member of ‘google::protobuf::internal’
   if (name_ == &::google::protobuf::internal::kEmptyString) {
                 ^
./cout/addressbook.pb.h: In member function ‘std::string* tutorial::Person::mutable_name()’:
./cout/addressbook.pb.h:541:17: error: ‘kEmptyString’ is not a member of ‘google::protobuf::internal’
   if (name_ == &::google::protobuf::internal::kEmptyString) {
                 ^
./cout/addressbook.pb.h: In member function ‘std::string* tutorial::Person::release_name()’:
./cout/addressbook.pb.h:548:17: error: ‘kEmptyString’ is not a member of ‘google::protobuf::internal’
   if (name_ == &::google::protobuf::internal::kEmptyString) {
                 ^
./cout/addressbook.pb.h:552:42: error: ‘kEmptyString’ is not a member of ‘google::protobuf::internal’
     name_ = const_cast< ::std::string*>(&::google::protobuf::internal::kEmptyString);
                                          ^
./cout/addressbook.pb.h: In member function ‘void tutorial::Person::set_allocated_name(std::string*)’:
./cout/addressbook.pb.h:557:17: error: ‘kEmptyString’ is not a member of ‘google::protobuf::internal’
   if (name_ != &::google::protobuf::internal::kEmptyString) {
                 ^
./cout/addressbook.pb.h:565:42: error: ‘kEmptyString’ is not a member of ‘google::protobuf::internal’
     name_ = const_cast< ::std::string*>(&::google::protobuf::internal::kEmptyString);
                                          ^
./cout/addressbook.pb.h: In member function ‘void tutorial::Person::clear_email()’:
./cout/addressbook.pb.h:602:18: error: ‘kEmptyString’ is not a member of ‘google::protobuf::internal’
   if (email_ != &::google::protobuf::internal::kEmptyString) {
                  ^
./cout/addressbook.pb.h: In member function ‘void tutorial::Person::set_email(const string&)’:
./cout/addressbook.pb.h:612:18: error: ‘kEmptyString’ is not a member of ‘google::protobuf::internal’
   if (email_ == &::google::protobuf::internal::kEmptyString) {
                  ^
./cout/addressbook.pb.h: In member function ‘void tutorial::Person::set_email(const char*)’:
./cout/addressbook.pb.h:619:18: error: ‘kEmptyString’ is not a member of ‘google::protobuf::internal’
   if (email_ == &::google::protobuf::internal::kEmptyString) {
                  ^
./cout/addressbook.pb.h: In member function ‘void tutorial::Person::set_email(const char*, size_t)’:
./cout/addressbook.pb.h:626:18: error: ‘kEmptyString’ is not a member of ‘google::protobuf::internal’
   if (email_ == &::google::protobuf::internal::kEmptyString) {
                  ^
./cout/addressbook.pb.h: In member function ‘std::string* tutorial::Person::mutable_email()’:
./cout/addressbook.pb.h:633:18: error: ‘kEmptyString’ is not a member of ‘google::protobuf::internal’
   if (email_ == &::google::protobuf::internal::kEmptyString) {
                  ^
./cout/addressbook.pb.h: In member function ‘std::string* tutorial::Person::release_email()’:
./cout/addressbook.pb.h:640:18: error: ‘kEmptyString’ is not a member of ‘google::protobuf::internal’
   if (email_ == &::google::protobuf::internal::kEmptyString) {
                  ^
./cout/addressbook.pb.h:644:43: error: ‘kEmptyString’ is not a member of ‘google::protobuf::internal’
     email_ = const_cast< ::std::string*>(&::google::protobuf::internal::kEmptyString);
                                           ^
./cout/addressbook.pb.h: In member function ‘void tutorial::Person::set_allocated_email(std::string*)’:
./cout/addressbook.pb.h:649:18: error: ‘kEmptyString’ is not a member of ‘google::protobuf::internal’
   if (email_ != &::google::protobuf::internal::kEmptyString) {
                  ^
./cout/addressbook.pb.h:657:43: error: ‘kEmptyString’ is not a member of ‘google::protobuf::internal’
     email_ = const_cast< ::std::string*>(&::google::protobuf::internal::kEmptyString);
                                           ^
./cout/addressbook.pb.cc: In function ‘void tutorial::protobuf_AssignDesc_addressbook_2eproto()’:
./cout/addressbook.pb.cc:60:21: error: no matching function for call to ‘google::protobuf::internal::GeneratedMessageReflection::GeneratedMessageReflection(const google::protobuf::Descriptor*&, tutorial::Person*&, const int [4], google::protobuf::uint32, google::protobuf::uint32, int, const google::protobuf::DescriptorPool*, google::protobuf::MessageFactory*, long unsigned int)’
       sizeof(Person));
                     ^
./cout/addressbook.pb.cc:60:21: note: candidates are:
In file included from /usr/local/include/google/protobuf/stubs/common.h:41:0,
                 from ./cout/addressbook.pb.h:9,
                 from ./cout/addressbook.pb.cc:5:
/usr/local/include/google/protobuf/generated_message_reflection.h:614:3: note: google::protobuf::internal::GeneratedMessageReflection::GeneratedMessageReflection(const google::protobuf::internal::GeneratedMessageReflection&)
   GOOGLE_DISALLOW_EVIL_CONSTRUCTORS(GeneratedMessageReflection);
   ^
/usr/local/include/google/protobuf/generated_message_reflection.h:614:3: note:   candidate expects 1 argument, 9 provided
In file included from ./cout/addressbook.pb.cc:14:0:
/usr/local/include/google/protobuf/generated_message_reflection.h:254:3: note: google::protobuf::internal::GeneratedMessageReflection::GeneratedMessageReflection(const google::protobuf::Descriptor*, const google::protobuf::internal::ReflectionSchema&, const google::protobuf::DescriptorPool*, google::protobuf::MessageFactory*)
   GeneratedMessageReflection(const Descriptor* descriptor,
   ^
/usr/local/include/google/protobuf/generated_message_reflection.h:254:3: note:   candidate expects 4 arguments, 9 provided
./cout/addressbook.pb.cc:76:33: error: no matching function for call to ‘google::protobuf::internal::GeneratedMessageReflection::GeneratedMessageReflection(const google::protobuf::Descriptor*&, tutorial::Person_PhoneNumber*&, const int [2], google::protobuf::uint32, google::protobuf::uint32, int, const google::protobuf::DescriptorPool*, google::protobuf::MessageFactory*, long unsigned int)’
       sizeof(Person_PhoneNumber));
                                 ^
./cout/addressbook.pb.cc:76:33: note: candidates are:
In file included from /usr/local/include/google/protobuf/stubs/common.h:41:0,
                 from ./cout/addressbook.pb.h:9,
                 from ./cout/addressbook.pb.cc:5:
/usr/local/include/google/protobuf/generated_message_reflection.h:614:3: note: google::protobuf::internal::GeneratedMessageReflection::GeneratedMessageReflection(const google::protobuf::internal::GeneratedMessageReflection&)
   GOOGLE_DISALLOW_EVIL_CONSTRUCTORS(GeneratedMessageReflection);
   ^
/usr/local/include/google/protobuf/generated_message_reflection.h:614:3: note:   candidate expects 1 argument, 9 provided
In file included from ./cout/addressbook.pb.cc:14:0:
/usr/local/include/google/protobuf/generated_message_reflection.h:254:3: note: google::protobuf::internal::GeneratedMessageReflection::GeneratedMessageReflection(const google::protobuf::Descriptor*, const google::protobuf::internal::ReflectionSchema&, const google::protobuf::DescriptorPool*, google::protobuf::MessageFactory*)
   GeneratedMessageReflection(const Descriptor* descriptor,
   ^
/usr/local/include/google/protobuf/generated_message_reflection.h:254:3: note:   candidate expects 4 arguments, 9 provided
./cout/addressbook.pb.cc:92:26: error: no matching function for call to ‘google::protobuf::internal::GeneratedMessageReflection::GeneratedMessageReflection(const google::protobuf::Descriptor*&, tutorial::AddressBook*&, const int [1], google::protobuf::uint32, google::protobuf::uint32, int, const google::protobuf::DescriptorPool*, google::protobuf::MessageFactory*, long unsigned int)’
       sizeof(AddressBook));
                          ^
./cout/addressbook.pb.cc:92:26: note: candidates are:
In file included from /usr/local/include/google/protobuf/stubs/common.h:41:0,
                 from ./cout/addressbook.pb.h:9,
                 from ./cout/addressbook.pb.cc:5:
/usr/local/include/google/protobuf/generated_message_reflection.h:614:3: note: google::protobuf::internal::GeneratedMessageReflection::GeneratedMessageReflection(const google::protobuf::internal::GeneratedMessageReflection&)
   GOOGLE_DISALLOW_EVIL_CONSTRUCTORS(GeneratedMessageReflection);
   ^
/usr/local/include/google/protobuf/generated_message_reflection.h:614:3: note:   candidate expects 1 argument, 9 provided
In file included from ./cout/addressbook.pb.cc:14:0:
/usr/local/include/google/protobuf/generated_message_reflection.h:254:3: note: google::protobuf::internal::GeneratedMessageReflection::GeneratedMessageReflection(const google::protobuf::Descriptor*, const google::protobuf::internal::ReflectionSchema&, const google::protobuf::DescriptorPool*, google::protobuf::MessageFactory*)
   GeneratedMessageReflection(const Descriptor* descriptor,
   ^
/usr/local/include/google/protobuf/generated_message_reflection.h:254:3: note:   candidate expects 4 arguments, 9 provided
./cout/addressbook.pb.cc: In member function ‘void tutorial::Person_PhoneNumber::SharedCtor()’:
./cout/addressbook.pb.cc:205:42: error: ‘kEmptyString’ is not a member of ‘google::protobuf::internal’
   number_ = const_cast< ::std::string*>(&::google::protobuf::internal::kEmptyString);
                                          ^
./cout/addressbook.pb.cc: In member function ‘void tutorial::Person_PhoneNumber::SharedDtor()’:
./cout/addressbook.pb.cc:215:19: error: ‘kEmptyString’ is not a member of ‘google::protobuf::internal’
   if (number_ != &::google::protobuf::internal::kEmptyString) {
                   ^
./cout/addressbook.pb.cc: In member function ‘virtual void tutorial::Person_PhoneNumber::Clear()’:
./cout/addressbook.pb.cc:246:23: error: ‘kEmptyString’ is not a member of ‘google::protobuf::internal’
       if (number_ != &::google::protobuf::internal::kEmptyString) {
                       ^
./cout/addressbook.pb.cc: In member function ‘void tutorial::Person::SharedCtor()’:
./cout/addressbook.pb.cc:479:40: error: ‘kEmptyString’ is not a member of ‘google::protobuf::internal’
   name_ = const_cast< ::std::string*>(&::google::protobuf::internal::kEmptyString);
                                        ^
./cout/addressbook.pb.cc:481:41: error: ‘kEmptyString’ is not a member of ‘google::protobuf::internal’
   email_ = const_cast< ::std::string*>(&::google::protobuf::internal::kEmptyString);
                                         ^
./cout/addressbook.pb.cc: In member function ‘void tutorial::Person::SharedDtor()’:
./cout/addressbook.pb.cc:490:17: error: ‘kEmptyString’ is not a member of ‘google::protobuf::internal’
   if (name_ != &::google::protobuf::internal::kEmptyString) {
                 ^
./cout/addressbook.pb.cc:493:18: error: ‘kEmptyString’ is not a member of ‘google::protobuf::internal’
   if (email_ != &::google::protobuf::internal::kEmptyString) {
                  ^
./cout/addressbook.pb.cc: In member function ‘virtual void tutorial::Person::Clear()’:
./cout/addressbook.pb.cc:524:21: error: ‘kEmptyString’ is not a member of ‘google::protobuf::internal’
       if (name_ != &::google::protobuf::internal::kEmptyString) {
                     ^
./cout/addressbook.pb.cc:530:22: error: ‘kEmptyString’ is not a member of ‘google::protobuf::internal’
       if (email_ != &::google::protobuf::internal::kEmptyString) {
                      ^
make: *** [writer] Error 1
